#
# A fatal error has been detected by the Java Runtime Environment:
#
#  SIGSEGV (0xb) at pc=0x00007f4867fcf0ba, pid=13517, tid=139948768646912
#
# JRE version: Java(TM) SE Runtime Environment (8.0_25-b17) (build 1.8.0_25-b17)
# Java VM: Java HotSpot(TM) 64-Bit Server VM (25.25-b02 mixed mode linux-amd64 compressed oops)
# Problematic frame:
# v  ~BufferBlob::jni_fast_GetLongField
#
# Failed to write core dump. Core dumps have been disabled. To enable core dumping, try "ulimit -c unlimited" before starting Java again
#
# If you would like to submit a bug report, please visit:
#   http://bugreport.sun.com/bugreport/crash.jsp
# The crash happened outside the Java Virtual Machine in native code.
# See problematic frame for where to report the bug.
#

---------------  T H R E A D  ---------------

Current thread (0x00007f4878238800):  JavaThread "AWT-XAWT" daemon [_thread_in_native, id=13538, stack(0x00007f485c945000,0x00007f485ca46000)]

siginfo: si_signo: 11 (SIGSEGV), si_code: 1 (SEGV_MAPERR), si_addr: 0x0000000000000000

Registers:
RAX=0x00007f487d3c2340, RBX=0x00007f48782389e8, RCX=0x00007f487de1c320, RDX=0x0000000000000042
RSP=0x00007f485ca44658, RBP=0x00007f485ca44680, RSI=0x0000000000000000, RDI=0x00007f48782389e8
R8 =0x0000000000000005, R9 =0x0000000000000000, R10=0x0000000000000012, R11=0x00007f487ce1c960
R12=0x00007f4810032a30, R13=0x0000000000000000, R14=0x00007f485e7ce7c0, R15=0x00007f4878238800
RIP=0x00007f4867fcf0ba, EFLAGS=0x0000000000010246, CSGSFS=0x0000000000000033, ERR=0x0000000000000004
  TRAPNO=0x000000000000000e

Top of Stack: (sp=0x00007f485ca44658)
0x00007f485ca44658:   00007f485e5ad0a1 00007f486521aad0
0x00007f485ca44668:   00007f4810032a30 00007f486521aad0
0x00007f485ca44678:   00007f485ca44768 0000000000000000
0x00007f485ca44688:   00007f485e090ae8 00007f486521aad0
0x00007f485ca44698:   00007f485ca446c0 0000000000000000
0x00007f485ca446a8:   00007f485e0889a3 00007f486521aad0
0x00007f485ca446b8:   00007f485e5a639f 00007f485ca44730
0x00007f485ca446c8:   00007f4867f794d4 00007f485ca447b0
0x00007f485ca446d8:   00007f4868127804 00007f485ca447b0
0x00007f485ca446e8:   00007f4868126664 00007f485ca446f0
0x00007f485ca446f8:   0000000000000000 00007f485ca44768
0x00007f485ca44708:   00007f486521f160 0000000000000000
0x00007f485ca44718:   00007f486521aad0 0000000000000000
0x00007f485ca44728:   00007f485ca44750 00007f485ca447b0
0x00007f485ca44738:   00007f4867f6d160 00000000ec918748
0x00007f485ca44748:   00007f4867f752a0 0000000000000000
0x00007f485ca44758:   00007f485ca447b0 00007f4824000e30
0x00007f485ca44768:   00000000ecb1a508 00007f485ca44770
0x00007f485ca44778:   00007f48653a1e74 00007f485ca447f8
0x00007f485ca44788:   00007f48653abeb8 0000000000000000
0x00007f485ca44798:   00007f48653a1fa8 00007f485ca44750
0x00007f485ca447a8:   00007f485ca447f0 00007f485ca44840
0x00007f485ca447b8:   00007f4867f6d98d 0000000000000000
0x00007f485ca447c8:   00000000ecaf88a0 0000000000000000
0x00007f485ca447d8:   0000000000000000 0000000000000000
0x00007f485ca447e8:   00000000ecb1a508 0000000000000000
0x00007f485ca447f8:   00000000ecabbcc8 00007f485ca44800
0x00007f485ca44808:   00007f48653a1cb5 00007f485ca44850
0x00007f485ca44818:   00007f48653abeb8 0000000000000000
0x00007f485ca44828:   00007f48653a1cc0 00007f485ca447f0
0x00007f485ca44838:   00007f485ca44850 00007f485ca44898
0x00007f485ca44848:   00007f4867f6d9d2 00000000ecabbcc8 

Instructions: (pc=0x00007f4867fcf0ba)
0x00007f4867fcf09a:   00 00 00 00 00 00 44 8b 15 41 a7 42 15 4c 8b ce
0x00007f4867fcf0aa:   41 f6 c2 01 0f 85 2e 00 00 00 4d 33 ca 4d 33 ca
0x00007f4867fcf0ba:   4d 8b 09 4c 8b da 49 c1 eb 02 4b 8b 04 19 49 bb
0x00007f4867fcf0ca:   e8 97 3f 7d 48 7f 00 00 4c 33 d8 4c 33 d8 45 3b 

Register to memory mapping:

RAX=0x00007f487d3c2340: <offset 0xf23340> in /home/huyennguyen/Downloads/jdk1.8.0_25/jre/lib/amd64/server/libjvm.so at 0x00007f487c49f000
RBX=0x00007f48782389e8 is an unknown value
RCX=0x00007f487de1c320: <offset 0x219320> in /lib/x86_64-linux-gnu/libpthread.so.0 at 0x00007f487dc03000
RDX=0x0000000000000042 is an unknown value
RSP=0x00007f485ca44658 is pointing into the stack for thread: 0x00007f4878238800
RBP=0x00007f485ca44680 is pointing into the stack for thread: 0x00007f4878238800
RSI=0x0000000000000000 is an unknown value
RDI=0x00007f48782389e8 is an unknown value
R8 =0x0000000000000005 is an unknown value
R9 =0x0000000000000000 is an unknown value
R10=0x0000000000000012 is an unknown value
R11=0x00007f487ce1c960: <offset 0x97d960> in /home/huyennguyen/Downloads/jdk1.8.0_25/jre/lib/amd64/server/libjvm.so at 0x00007f487c49f000
R12=0x00007f4810032a30 is an unknown value
R13=0x0000000000000000 is an unknown value
R14=0x00007f485e7ce7c0: <offset 0x2587c0> in /home/huyennguyen/Downloads/jdk1.8.0_25/jre/lib/amd64/libawt_xawt.so at 0x00007f485e576000
R15=0x00007f4878238800 is a thread


Stack: [0x00007f485c945000,0x00007f485ca46000],  sp=0x00007f485ca44658,  free space=1021k
Native frames: (J=compiled Java code, j=interpreted, Vv=VM code, C=native code)
v  ~BufferBlob::jni_fast_GetLongField
C  [libX11.so.6+0x61ae8]  _XimServerDestroy+0x58

Java frames: (J=compiled Java code, j=interpreted, Vv=VM code)
j  sun.awt.X11.XlibWrapper.XFilterEvent(JJ)Z+0
j  sun.awt.X11.XToolkit.run(Z)V+300
j  sun.awt.X11.XToolkit.run()V+5
j  java.lang.Thread.run()V+11
v  ~StubRoutines::call_stub

---------------  P R O C E S S  ---------------

Java Threads: ( => current thread )
  0x00007f481403d800 JavaThread "XToolkt-Shutdown-Thread" [_thread_blocked, id=15690, stack(0x00007f485759e000,0x00007f485769f000)]
  0x00007f4838001000 JavaThread "SIGTERM handler" daemon [_thread_blocked, id=15687, stack(0x00007f485c119000,0x00007f485c21a000)]
  0x00007f481405e800 JavaThread "AWT-EventQueue-1" [_thread_blocked, id=13546, stack(0x00007f485769f000,0x00007f48577a0000)]
  0x00007f4814003000 JavaThread "TimerQueue" daemon [_thread_blocked, id=13545, stack(0x00007f485c018000,0x00007f485c119000)]
  0x00007f487800a000 JavaThread "DestroyJavaVM" [_thread_blocked, id=13519, stack(0x00007f487df24000,0x00007f487e025000)]
  0x00007f487825f800 JavaThread "AWT-EventQueue-0" [_thread_blocked, id=13542, stack(0x00007f485c642000,0x00007f485c743000)]
  0x00007f487825d000 JavaThread "AWT-Shutdown" [_thread_blocked, id=13541, stack(0x00007f485c743000,0x00007f485c844000)]
  0x00007f4878245800 JavaThread "thread applet-Breakout.class" [_thread_blocked, id=13540, stack(0x00007f485c844000,0x00007f485c945000)]
=>0x00007f4878238800 JavaThread "AWT-XAWT" daemon [_thread_in_native, id=13538, stack(0x00007f485c945000,0x00007f485ca46000)]
  0x00007f4878204000 JavaThread "Java2D Disposer" daemon [_thread_blocked, id=13537, stack(0x00007f485ce56000,0x00007f485cf57000)]
  0x00007f48780c8800 JavaThread "Service Thread" daemon [_thread_blocked, id=13535, stack(0x00007f485eba2000,0x00007f485eca3000)]
  0x00007f48780b0800 JavaThread "C1 CompilerThread2" daemon [_thread_blocked, id=13534, stack(0x00007f485eca3000,0x00007f485eda4000)]
  0x00007f48780ae800 JavaThread "C2 CompilerThread1" daemon [_thread_blocked, id=13533, stack(0x00007f485eda4000,0x00007f485eea5000)]
  0x00007f48780ab800 JavaThread "C2 CompilerThread0" daemon [_thread_blocked, id=13532, stack(0x00007f485eea5000,0x00007f485efa6000)]
  0x00007f48780a9800 JavaThread "Signal Dispatcher" daemon [_thread_blocked, id=13531, stack(0x00007f485efa6000,0x00007f485f0a7000)]
  0x00007f487807c000 JavaThread "Finalizer" daemon [_thread_blocked, id=13530, stack(0x00007f485f8f9000,0x00007f485f9fa000)]
  0x00007f487807a000 JavaThread "Reference Handler" daemon [_thread_blocked, id=13529, stack(0x00007f485f9fa000,0x00007f485fafb000)]

Other Threads:
  0x00007f4878073000 VMThread [stack: 0x00007f485fafb000,0x00007f485fbfc000] [id=13528]
  0x00007f48780ca800 WatcherThread [stack: 0x00007f485eaa1000,0x00007f485eba2000] [id=13536]

VM state:not at safepoint (normal execution)

VM Mutex/Monitor currently owned by a thread: None

Heap:
 PSYoungGen      total 17920K, used 15141K [0x00000000ec780000, 0x00000000edb80000, 0x0000000100000000)
  eden space 15360K, 98% used [0x00000000ec780000,0x00000000ed649480,0x00000000ed680000)
  from space 2560K, 0% used [0x00000000ed900000,0x00000000ed900000,0x00000000edb80000)
  to   space 2560K, 0% used [0x00000000ed680000,0x00000000ed680000,0x00000000ed900000)
 ParOldGen       total 40960K, used 0K [0x00000000c5600000, 0x00000000c7e00000, 0x00000000ec780000)
  object space 40960K, 0% used [0x00000000c5600000,0x00000000c5600000,0x00000000c7e00000)
 Metaspace       used 11151K, capacity 11276K, committed 11392K, reserved 1058816K
  class space    used 1332K, capacity 1378K, committed 1408K, reserved 1048576K

Card table byte_map: [0x00007f48679d0000,0x00007f4867ba6000] byte_map_base: 0x00007f48673a5000

Marking Bits: (ParMarkBitMap*) 0x00007f487d3f92c0
 Begin Bits: [0x00007f486587c000, 0x00007f4866724000)
 End Bits:   [0x00007f4866724000, 0x00007f48675cc000)

Polling page: 0x00007f487e040000

CodeCache: size=245760Kb used=2548Kb max_used=2549Kb free=243211Kb
 bounds [0x00007f4867f66000, 0x00007f48681e6000, 0x00007f4876f66000]
 total_blobs=1150 nmethods=650 adapters=416
 compilation: enabled

Compilation events (10 events):
Event: 3259.963 Thread 0x00007f48780b0800  645       1       java.awt.Color::getRGB (5 bytes)
Event: 3259.963 Thread 0x00007f48780b0800 nmethod 645 0x00007f48681e0c50 code [0x00007f48681e0da0, 0x00007f48681e0eb0]
Event: 3259.963 Thread 0x00007f48780b0800  644       1       java.security.AccessControlContext::getContext (5 bytes)
Event: 3259.963 Thread 0x00007f48780b0800 nmethod 644 0x00007f48681e0990 code [0x00007f48681e0ae0, 0x00007f48681e0bf0]
Event: 3324.848 Thread 0x00007f48780b0800  646       1       sun.awt.X11.XBaseWindow::isDisposed (5 bytes)
Event: 3324.848 Thread 0x00007f48780b0800 nmethod 646 0x00007f48681e4b90 code [0x00007f48681e4ce0, 0x00007f48681e4df0]
Event: 3324.850 Thread 0x00007f48780b0800  648       3       java.util.concurrent.locks.LockSupport::setBlocker (12 bytes)
Event: 3324.850 Thread 0x00007f48780b0800 nmethod 648 0x00007f48681e4510 code [0x00007f48681e4660, 0x00007f48681e47b0]
Event: 3324.851 Thread 0x00007f48780b0800  650       3       sun.awt.AWTAutoShutdown::getInstance (4 bytes)
Event: 3324.851 Thread 0x00007f48780b0800 nmethod 650 0x00007f48681e4210 code [0x00007f48681e4360, 0x00007f48681e4490]

GC Heap History (0 events):
No events

Deoptimization events (2 events):
Event: 0.661 Thread 0x00007f4818006800 Uncommon trap: reason=unreached action=reinterpret pc=0x00007f48680b6150 method=java.lang.AbstractStringBuilder.append(Ljava/lang/String;)Ljava/lang/AbstractStringBuilder; @ 1
Event: 0.662 Thread 0x00007f4818006800 Uncommon trap: reason=unreached action=reinterpret pc=0x00007f48680b811c method=java.lang.AbstractStringBuilder.append(Ljava/lang/String;)Ljava/lang/AbstractStringBuilder; @ 1

Internal exceptions (10 events):
Event: 0.888 Thread 0x00007f4818006800 Exception <a 'java/security/PrivilegedActionException'> (0x00000000ed473e50) thrown at [/HUDSON/workspace/8-2-build-linux-amd64/jdk8u25/1514/hotspot/src/share/vm/prims/jvm.cpp, line 1312]
Event: 0.890 Thread 0x00007f4818006800 Exception <a 'java/security/PrivilegedActionException'> (0x00000000ed479be0) thrown at [/HUDSON/workspace/8-2-build-linux-amd64/jdk8u25/1514/hotspot/src/share/vm/prims/jvm.cpp, line 1312]
Event: 0.893 Thread 0x00007f4818006800 Exception <a 'java/security/PrivilegedActionException'> (0x00000000ed48a130) thrown at [/HUDSON/workspace/8-2-build-linux-amd64/jdk8u25/1514/hotspot/src/share/vm/prims/jvm.cpp, line 1312]
Event: 0.899 Thread 0x00007f4818006800 Exception <a 'java/security/PrivilegedActionException'> (0x00000000ed4af030) thrown at [/HUDSON/workspace/8-2-build-linux-amd64/jdk8u25/1514/hotspot/src/share/vm/prims/jvm.cpp, line 1312]
Event: 0.901 Thread 0x00007f4818006800 Exception <a 'java/security/PrivilegedActionException'> (0x00000000ed4b97b8) thrown at [/HUDSON/workspace/8-2-build-linux-amd64/jdk8u25/1514/hotspot/src/share/vm/prims/jvm.cpp, line 1312]
Event: 0.903 Thread 0x00007f4818006800 Exception <a 'java/security/PrivilegedActionException'> (0x00000000ed4c0af8) thrown at [/HUDSON/workspace/8-2-build-linux-amd64/jdk8u25/1514/hotspot/src/share/vm/prims/jvm.cpp, line 1312]
Event: 0.904 Thread 0x00007f4818006800 Exception <a 'java/security/PrivilegedActionException'> (0x00000000ed4c6248) thrown at [/HUDSON/workspace/8-2-build-linux-amd64/jdk8u25/1514/hotspot/src/share/vm/prims/jvm.cpp, line 1312]
Event: 0.907 Thread 0x00007f4818006800 Exception <a 'java/lang/NullPointerException'> (0x00000000ed4cf148) thrown at [/HUDSON/workspace/8-2-build-linux-amd64/jdk8u25/1514/hotspot/src/share/vm/interpreter/linkResolver.cpp, line 1178]
Event: 0.907 Thread 0x00007f4818006800 Exception <a 'java/lang/reflect/InvocationTargetException'> (0x00000000ed4cf2f8) thrown at [/HUDSON/workspace/8-2-build-linux-amd64/jdk8u25/1514/hotspot/src/share/vm/runtime/reflection.cpp, line 1080]
Event: 0.907 Thread 0x00007f4818006800 Exception <a 'java/lang/NullPointerException'> (0x00000000ed4cf148) thrown at [/HUDSON/workspace/8-2-build-linux-amd64/jdk8u25/1514/hotspot/src/share/vm/prims/jni.cpp, line 716]

Events (10 events):
Event: 0.910 Thread 0x00007f4818006800 Thread exited: 0x00007f4818006800
Event: 4.139 Executing VM operation: EnableBiasedLocking
Event: 4.139 Executing VM operation: EnableBiasedLocking done
Event: 3251.806 loading class sun/awt/X11/XkbEvent
Event: 3252.141 loading class sun/awt/X11/XkbEvent done
Event: 3252.228 loading class sun/awt/X11/XkbAnyEvent
Event: 3252.312 loading class sun/awt/X11/XkbAnyEvent done
Event: 3317.589 loading class sun/awt/X11/XDestroyWindowEvent
Event: 3317.998 loading class sun/awt/X11/XDestroyWindowEvent done
Event: 3325.906 loading class sun/misc/Signal$1


Dynamic libraries:
00400000-00401000 r-xp 00000000 08:08 409302                             /home/huyennguyen/Downloads/jdk1.8.0_25/bin/java
00600000-00601000 rw-p 00000000 08:08 409302                             /home/huyennguyen/Downloads/jdk1.8.0_25/bin/java
017cc000-017ed000 rw-p 00000000 00:00 0                                  [heap]
c5600000-c7e00000 rw-p 00000000 00:00 0 
c7e00000-ec780000 ---p 00000000 00:00 0 
ec780000-edb80000 rw-p 00000000 00:00 0 
edb80000-100000000 ---p 00000000 00:00 0 
100000000-100160000 rw-p 00000000 00:00 0 
100160000-140000000 ---p 00000000 00:00 0 
7f4800000000-7f4800021000 rw-p 00000000 00:00 0 
7f4800021000-7f4804000000 ---p 00000000 00:00 0 
7f4808000000-7f4808021000 rw-p 00000000 00:00 0 
7f4808021000-7f480c000000 ---p 00000000 00:00 0 
7f480c000000-7f480c021000 rw-p 00000000 00:00 0 
7f480c021000-7f4810000000 ---p 00000000 00:00 0 
7f4810000000-7f4810044000 rw-p 00000000 00:00 0 
7f4810044000-7f4814000000 ---p 00000000 00:00 0 
7f4814000000-7f48142b7000 rw-p 00000000 00:00 0 
7f48142b7000-7f4818000000 ---p 00000000 00:00 0 
7f4818000000-7f4818021000 rw-p 00000000 00:00 0 
7f4818021000-7f481c000000 ---p 00000000 00:00 0 
7f481c000000-7f481c021000 rw-p 00000000 00:00 0 
7f481c021000-7f4820000000 ---p 00000000 00:00 0 
7f4820000000-7f4820021000 rw-p 00000000 00:00 0 
7f4820021000-7f4824000000 ---p 00000000 00:00 0 
7f4824000000-7f4824021000 rw-p 00000000 00:00 0 
7f4824021000-7f4828000000 ---p 00000000 00:00 0 
7f4828000000-7f4828021000 rw-p 00000000 00:00 0 
7f4828021000-7f482c000000 ---p 00000000 00:00 0 
7f482c000000-7f482c021000 rw-p 00000000 00:00 0 
7f482c021000-7f4830000000 ---p 00000000 00:00 0 
7f4830000000-7f4830128000 rw-p 00000000 00:00 0 
7f4830128000-7f4834000000 ---p 00000000 00:00 0 
7f4834000000-7f4834214000 rw-p 00000000 00:00 0 
7f4834214000-7f4838000000 ---p 00000000 00:00 0 
7f4838000000-7f4838021000 rw-p 00000000 00:00 0 
7f4838021000-7f483c000000 ---p 00000000 00:00 0 
7f483c000000-7f483c0de000 rw-p 00000000 00:00 0 
7f483c0de000-7f4840000000 ---p 00000000 00:00 0 
7f4840000000-7f4840021000 rw-p 00000000 00:00 0 
7f4840021000-7f4844000000 ---p 00000000 00:00 0 
7f4844000000-7f4844021000 rw-p 00000000 00:00 0 
7f4844021000-7f4848000000 ---p 00000000 00:00 0 
7f4848000000-7f4848021000 rw-p 00000000 00:00 0 
7f4848021000-7f484c000000 ---p 00000000 00:00 0 
7f484c000000-7f484c021000 rw-p 00000000 00:00 0 
7f484c021000-7f4850000000 ---p 00000000 00:00 0 
7f4850000000-7f4850021000 rw-p 00000000 00:00 0 
7f4850021000-7f4854000000 ---p 00000000 00:00 0 
7f485759e000-7f48575a1000 ---p 00000000 00:00 0 
7f48575a1000-7f485769f000 rw-p 00000000 00:00 0                          [stack:15690]
7f485769f000-7f48576a2000 ---p 00000000 00:00 0 
7f48576a2000-7f48577a0000 rw-p 00000000 00:00 0                          [stack:13546]
7f48577a0000-7f48577ba000 r--s 00000000 08:08 134359                     /usr/share/fonts/type1/gsfonts/c059013l.pfb
7f48577ba000-7f48577ce000 r--s 00000000 08:08 134374                     /usr/share/fonts/type1/gsfonts/n019003l.pfb
7f48577ce000-7f48577d7000 r--s 00000000 08:08 133647                     /usr/share/fonts/X11/Type1/c0649bt_.pfb
7f48577d7000-7f48577e1000 r--s 00000000 08:08 133639                     /usr/share/fonts/X11/Type1/c0611bt_.pfb
7f48577e1000-7f48577fc000 r--s 00000000 08:08 134428                     /usr/share/fonts/type1/gsfonts/p052023l.pfb
7f48577fc000-7f4857806000 r--s 00000000 08:08 133637                     /usr/share/fonts/X11/Type1/c0583bt_.pfb
7f4857806000-7f485781e000 r--s 00000000 08:08 134365                     /usr/share/fonts/type1/gsfonts/c059033l.pfb
7f485781e000-7f485783a000 r--s 00000000 08:08 134431                     /usr/share/fonts/type1/gsfonts/p052024l.pfb
7f485783a000-7f485784c000 r--s 00000000 08:08 134389                     /usr/share/fonts/type1/gsfonts/n019044l.pfb
7f485784c000-7f4857867000 r--s 00000000 08:08 134425                     /usr/share/fonts/type1/gsfonts/p052004l.pfb
7f4857867000-7f485787d000 r--s 00000000 08:08 134416                     /usr/share/fonts/type1/gsfonts/n022023l.pfb
7f485787d000-7f4857896000 r--s 00000000 08:08 134413                     /usr/share/fonts/type1/gsfonts/n022004l.pfb
7f4857896000-7f48578af000 r--s 00000000 08:08 134347                     /usr/share/fonts/type1/gsfonts/b018012l.pfb
7f48578af000-7f48578b9000 r--s 00000000 08:08 133635                     /usr/share/fonts/X11/Type1/c0582bt_.pfb
7f48578b9000-7f48578cc000 r--s 00000000 08:08 134350                     /usr/share/fonts/type1/gsfonts/b018015l.pfb
7f48578cc000-7f48578d8000 r--s 00000000 08:08 134371                     /usr/share/fonts/type1/gsfonts/d050000l.pfb
7f48578d8000-7f48578ea000 r--s 00000000 08:08 134356                     /usr/share/fonts/type1/gsfonts/b018035l.pfb
7f48578ea000-7f48578fc000 r--s 00000000 08:08 134377                     /usr/share/fonts/type1/gsfonts/n019004l.pfb
7f48578fc000-7f4857912000 r--s 00000000 08:08 134419                     /usr/share/fonts/type1/gsfonts/n022024l.pfb
7f4857912000-7f485791c000 r--s 00000000 08:08 134440                     /usr/share/fonts/type1/mathml/Symbol.pfb
7f485791c000-7f4857937000 r--s 00000000 08:08 134422                     /usr/share/fonts/type1/gsfonts/p052003l.pfb
7f4857937000-7f4857947000 r--s 00000000 08:08 134338                     /usr/share/fonts/type1/gsfonts/a010015l.pfb
7f4857947000-7f4857960000 r--s 00000000 08:08 134398                     /usr/share/fonts/type1/gsfonts/n021003l.pfb
7f4857960000-7f4857978000 r--s 00000000 08:08 134410                     /usr/share/fonts/type1/gsfonts/n022003l.pfb
7f4857978000-7f4857991000 r--s 00000000 08:08 134401                     /usr/share/fonts/type1/gsfonts/n021004l.pfb
7f4857991000-7f48579a2000 r--s 00000000 08:08 134344                     /usr/share/fonts/type1/gsfonts/a010035l.pfb
7f48579a2000-7f48579b3000 r--s 00000000 08:08 134392                     /usr/share/fonts/type1/gsfonts/n019063l.pfb
7f48579b3000-7f48579bc000 r--s 00000000 08:08 134434                     /usr/share/fonts/type1/gsfonts/s050000l.pfb
7f48579bc000-7f48579cc000 r--s 00000000 08:08 134341                     /usr/share/fonts/type1/gsfonts/a010033l.pfb
7f48579cc000-7f48579e1000 r--s 00000000 08:08 134353                     /usr/share/fonts/type1/gsfonts/b018032l.pfb
7f48579e1000-7f48579f2000 r--s 00000000 08:08 134380                     /usr/share/fonts/type1/gsfonts/n019023l.pfb
7f48579f2000-7f4857a02000 r--s 00000000 08:08 134335                     /usr/share/fonts/type1/gsfonts/a010013l.pfb
7f4857a02000-7f4857a18000 r--s 00000000 08:08 134407                     /usr/share/fonts/type1/gsfonts/n021024l.pfb
7f4857a18000-7f4857a21000 r--s 00000000 08:08 133643                     /usr/share/fonts/X11/Type1/c0633bt_.pfb
7f4857a21000-7f4857a38000 r--s 00000000 08:08 134404                     /usr/share/fonts/type1/gsfonts/n021023l.pfb
7f4857a38000-7f4857a4a000 r--s 00000000 08:08 134386                     /usr/share/fonts/type1/gsfonts/n019043l.pfb
7f4857a4a000-7f4857a62000 r--s 00000000 08:08 134368                     /usr/share/fonts/type1/gsfonts/c059036l.pfb
7f4857a62000-7f4857a7d000 r--s 00000000 08:08 134362                     /usr/share/fonts/type1/gsfonts/c059016l.pfb
7f4857a7d000-7f4857a94000 r--s 00000000 08:08 134437                     /usr/share/fonts/type1/gsfonts/z003034l.pfb
7f4857a94000-7f4857a9d000 r--s 00000000 08:08 133641                     /usr/share/fonts/X11/Type1/c0632bt_.pfb
7f4857a9d000-7f4857aae000 r--s 00000000 08:08 134383                     /usr/share/fonts/type1/gsfonts/n019024l.pfb
7f4857aae000-7f4857ab8000 r--s 00000000 08:08 133633                     /usr/share/fonts/X11/Type1/c0419bt_.pfb
7f4857ab8000-7f4857ac1000 r--s 00000000 08:08 133645                     /usr/share/fonts/X11/Type1/c0648bt_.pfb
7f4857ac1000-7f4857ad4000 r--s 00000000 08:08 134395                     /usr/share/fonts/type1/gsfonts/n019064l.pfb
7f4857ad4000-7f4857aea000 r--s 00000000 08:08 134416                     /usr/share/fonts/type1/gsfonts/n022023l.pfb
7f4857aea000-7f4857b03000 r--s 00000000 08:08 134401                     /usr/share/fonts/type1/gsfonts/n021004l.pfb
7f4857b03000-7f4857b17000 r--s 00000000 08:08 134374                     /usr/share/fonts/type1/gsfonts/n019003l.pfb
7f4857b17000-7f4857b30000 r--s 00000000 08:08 134398                     /usr/share/fonts/type1/gsfonts/n021003l.pfb
7f4857b30000-7f4857b41000 r--s 00000000 08:08 134380                     /usr/share/fonts/type1/gsfonts/n019023l.pfb
7f4857b41000-7f4857b53000 r--s 00000000 08:08 134377                     /usr/share/fonts/type1/gsfonts/n019004l.pfb
7f4857b53000-7f4857b69000 r--s 00000000 08:08 134419                     /usr/share/fonts/type1/gsfonts/n022024l.pfb
7f4857b69000-7f4857b81000 r--s 00000000 08:08 134410                     /usr/share/fonts/type1/gsfonts/n022003l.pfb
7f4857b81000-7f4857d41000 rw-p 00000000 00:00 0 
7f4857d41000-7f4857d81000 ---p 00000000 00:00 0 
7f4857d81000-7f4857dea000 r-xp 00000000 08:08 303737                     /home/huyennguyen/Downloads/jdk1.8.0_25/jre/lib/amd64/libt2k.so
7f4857dea000-7f4857fe9000 ---p 00069000 08:08 303737                     /home/huyennguyen/Downloads/jdk1.8.0_25/jre/lib/amd64/libt2k.so
7f4857fe9000-7f4857ff0000 rw-p 00068000 08:08 303737                     /home/huyennguyen/Downloads/jdk1.8.0_25/jre/lib/amd64/libt2k.so
7f4857ff0000-7f4858000000 rw-p 00000000 00:00 0 
7f4858000000-7f4858021000 rw-p 00000000 00:00 0 
7f4858021000-7f485c000000 ---p 00000000 00:00 0 
7f485c002000-7f485c018000 r--s 00000000 08:08 134407                     /usr/share/fonts/type1/gsfonts/n021024l.pfb
7f485c018000-7f485c01b000 ---p 00000000 00:00 0 
7f485c01b000-7f485c119000 rw-p 00000000 00:00 0                          [stack:13545]
7f485c119000-7f485c11c000 ---p 00000000 00:00 0 
7f485c11c000-7f485c21a000 rw-p 00000000 00:00 0                          [stack:15687]
7f485c21a000-7f485c22b000 r-xp 00000000 08:08 303755                     /home/huyennguyen/Downloads/jdk1.8.0_25/jre/lib/amd64/libnio.so
7f485c22b000-7f485c42a000 ---p 00011000 08:08 303755                     /home/huyennguyen/Downloads/jdk1.8.0_25/jre/lib/amd64/libnio.so
7f485c42a000-7f485c42b000 rw-p 00010000 08:08 303755                     /home/huyennguyen/Downloads/jdk1.8.0_25/jre/lib/amd64/libnio.so
7f485c42b000-7f485c441000 r-xp 00000000 08:08 303734                     /home/huyennguyen/Downloads/jdk1.8.0_25/jre/lib/amd64/libnet.so
7f485c441000-7f485c641000 ---p 00016000 08:08 303734                     /home/huyennguyen/Downloads/jdk1.8.0_25/jre/lib/amd64/libnet.so
7f485c641000-7f485c642000 rw-p 00016000 08:08 303734                     /home/huyennguyen/Downloads/jdk1.8.0_25/jre/lib/amd64/libnet.so
7f485c642000-7f485c645000 ---p 00000000 00:00 0 
7f485c645000-7f485c743000 rw-p 00000000 00:00 0                          [stack:13542]
7f485c743000-7f485c746000 ---p 00000000 00:00 0 
7f485c746000-7f485c844000 rw-p 00000000 00:00 0                          [stack:13541]
7f485c844000-7f485c847000 ---p 00000000 00:00 0 
7f485c847000-7f485c945000 rw-p 00000000 00:00 0                          [stack:13540]
7f485c945000-7f485c948000 ---p 00000000 00:00 0 
7f485c948000-7f485ca46000 rw-p 00000000 00:00 0                          [stack:13538]
7f485ca46000-7f485ca4b000 r-xp 00000000 08:08 1579740                    /usr/lib/x86_64-linux-gnu/libXfixes.so.3.1.0
7f485ca4b000-7f485cc4a000 ---p 00005000 08:08 1579740                    /usr/lib/x86_64-linux-gnu/libXfixes.so.3.1.0
7f485cc4a000-7f485cc4b000 r--p 00004000 08:08 1579740                    /usr/lib/x86_64-linux-gnu/libXfixes.so.3.1.0
7f485cc4b000-7f485cc4c000 rw-p 00005000 08:08 1579740                    /usr/lib/x86_64-linux-gnu/libXfixes.so.3.1.0
7f485cc4c000-7f485cc55000 r-xp 00000000 08:08 1579732                    /usr/lib/x86_64-linux-gnu/libXcursor.so.1.0.2
7f485cc55000-7f485ce54000 ---p 00009000 08:08 1579732                    /usr/lib/x86_64-linux-gnu/libXcursor.so.1.0.2
7f485ce54000-7f485ce55000 r--p 00008000 08:08 1579732                    /usr/lib/x86_64-linux-gnu/libXcursor.so.1.0.2
7f485ce55000-7f485ce56000 rw-p 00009000 08:08 1579732                    /usr/lib/x86_64-linux-gnu/libXcursor.so.1.0.2
7f485ce56000-7f485ce59000 ---p 00000000 00:00 0 
7f485ce59000-7f485cf57000 rw-p 00000000 00:00 0                          [stack:13537]
7f485cf57000-7f485cf6d000 r-xp 00000000 08:08 663049                     /lib/x86_64-linux-gnu/libgcc_s.so.1
7f485cf6d000-7f485d16c000 ---p 00016000 08:08 663049                     /lib/x86_64-linux-gnu/libgcc_s.so.1
7f485d16c000-7f485d16d000 rw-p 00015000 08:08 663049                     /lib/x86_64-linux-gnu/libgcc_s.so.1
7f485d16d000-7f485d1d1000 r-xp 00000000 08:08 303738                     /home/huyennguyen/Downloads/jdk1.8.0_25/jre/lib/amd64/libfontmanager.so
7f485d1d1000-7f485d3d1000 ---p 00064000 08:08 303738                     /home/huyennguyen/Downloads/jdk1.8.0_25/jre/lib/amd64/libfontmanager.so
7f485d3d1000-7f485d3d5000 rw-p 00064000 08:08 303738                     /home/huyennguyen/Downloads/jdk1.8.0_25/jre/lib/amd64/libfontmanager.so
7f485d3d5000-7f485d3e6000 rw-p 00000000 00:00 0 
7f485d3e6000-7f485d3eb000 r-xp 00000000 08:08 1579736                    /usr/lib/x86_64-linux-gnu/libXdmcp.so.6.0.0
7f485d3eb000-7f485d5ea000 ---p 00005000 08:08 1579736                    /usr/lib/x86_64-linux-gnu/libXdmcp.so.6.0.0
7f485d5ea000-7f485d5eb000 r--p 00004000 08:08 1579736                    /usr/lib/x86_64-linux-gnu/libXdmcp.so.6.0.0
7f485d5eb000-7f485d5ec000 rw-p 00005000 08:08 1579736                    /usr/lib/x86_64-linux-gnu/libXdmcp.so.6.0.0
7f485d5ec000-7f485d5ee000 r-xp 00000000 08:08 1579725                    /usr/lib/x86_64-linux-gnu/libXau.so.6.0.0
7f485d5ee000-7f485d7ee000 ---p 00002000 08:08 1579725                    /usr/lib/x86_64-linux-gnu/libXau.so.6.0.0
7f485d7ee000-7f485d7ef000 r--p 00002000 08:08 1579725                    /usr/lib/x86_64-linux-gnu/libXau.so.6.0.0
7f485d7ef000-7f485d7f0000 rw-p 00003000 08:08 1579725                    /usr/lib/x86_64-linux-gnu/libXau.so.6.0.0
7f485d7f0000-7f485d80d000 r-xp 00000000 08:08 1580795                    /usr/lib/x86_64-linux-gnu/libxcb.so.1.1.0
7f485d80d000-7f485da0d000 ---p 0001d000 08:08 1580795                    /usr/lib/x86_64-linux-gnu/libxcb.so.1.1.0
7f485da0d000-7f485da0e000 r--p 0001d000 08:08 1580795                    /usr/lib/x86_64-linux-gnu/libxcb.so.1.1.0
7f485da0e000-7f485da0f000 rw-p 0001e000 08:08 1580795                    /usr/lib/x86_64-linux-gnu/libxcb.so.1.1.0
7f485da0f000-7f485da1e000 r-xp 00000000 08:08 1579746                    /usr/lib/x86_64-linux-gnu/libXi.so.6.1.0
7f485da1e000-7f485dc1d000 ---p 0000f000 08:08 1579746                    /usr/lib/x86_64-linux-gnu/libXi.so.6.1.0
7f485dc1d000-7f485dc1e000 r--p 0000e000 08:08 1579746                    /usr/lib/x86_64-linux-gnu/libXi.so.6.1.0
7f485dc1e000-7f485dc1f000 rw-p 0000f000 08:08 1579746                    /usr/lib/x86_64-linux-gnu/libXi.so.6.1.0
7f485dc1f000-7f485dc24000 r-xp 00000000 08:08 1579766                    /usr/lib/x86_64-linux-gnu/libXtst.so.6.1.0
7f485dc24000-7f485de23000 ---p 00005000 08:08 1579766                    /usr/lib/x86_64-linux-gnu/libXtst.so.6.1.0
7f485de23000-7f485de24000 r--p 00004000 08:08 1579766                    /usr/lib/x86_64-linux-gnu/libXtst.so.6.1.0
7f485de24000-7f485de25000 rw-p 00005000 08:08 1579766                    /usr/lib/x86_64-linux-gnu/libXtst.so.6.1.0
7f485de25000-7f485de2e000 r-xp 00000000 08:08 1579760                    /usr/lib/x86_64-linux-gnu/libXrender.so.1.3.0
7f485de2e000-7f485e02d000 ---p 00009000 08:08 1579760                    /usr/lib/x86_64-linux-gnu/libXrender.so.1.3.0
7f485e02d000-7f485e02e000 r--p 00008000 08:08 1579760                    /usr/lib/x86_64-linux-gnu/libXrender.so.1.3.0
7f485e02e000-7f485e02f000 rw-p 00009000 08:08 1579760                    /usr/lib/x86_64-linux-gnu/libXrender.so.1.3.0
7f485e02f000-7f485e15f000 r-xp 00000000 08:08 1579721                    /usr/lib/x86_64-linux-gnu/libX11.so.6.3.0
7f485e15f000-7f485e35f000 ---p 00130000 08:08 1579721                    /usr/lib/x86_64-linux-gnu/libX11.so.6.3.0
7f485e35f000-7f485e360000 r--p 00130000 08:08 1579721                    /usr/lib/x86_64-linux-gnu/libX11.so.6.3.0
7f485e360000-7f485e364000 rw-p 00131000 08:08 1579721                    /usr/lib/x86_64-linux-gnu/libX11.so.6.3.0
7f485e364000-7f485e375000 r-xp 00000000 08:08 1579738                    /usr/lib/x86_64-linux-gnu/libXext.so.6.4.0
7f485e375000-7f485e574000 ---p 00011000 08:08 1579738                    /usr/lib/x86_64-linux-gnu/libXext.so.6.4.0
7f485e574000-7f485e575000 r--p 00010000 08:08 1579738                    /usr/lib/x86_64-linux-gnu/libXext.so.6.4.0
7f485e575000-7f485e576000 rw-p 00011000 08:08 1579738                    /usr/lib/x86_64-linux-gnu/libXext.so.6.4.0
7f485e576000-7f485e5ca000 r-xp 00000000 08:08 303743                     /home/huyennguyen/Downloads/jdk1.8.0_25/jre/lib/amd64/libawt_xawt.so
7f485e5ca000-7f485e7ca000 ---p 00054000 08:08 303743                     /home/huyennguyen/Downloads/jdk1.8.0_25/jre/lib/amd64/libawt_xawt.so
7f485e7ca000-7f485e7ce000 rw-p 00054000 08:08 303743                     /home/huyennguyen/Downloads/jdk1.8.0_25/jre/lib/amd64/libawt_xawt.so
7f485e7ce000-7f485e7cf000 rw-p 00000000 00:00 0 
7f485e7cf000-7f485e871000 r-xp 00000000 08:08 303749                     /home/huyennguyen/Downloads/jdk1.8.0_25/jre/lib/amd64/libawt.so
7f485e871000-7f485ea71000 ---p 000a2000 08:08 303749                     /home/huyennguyen/Downloads/jdk1.8.0_25/jre/lib/amd64/libawt.so
7f485ea71000-7f485ea7d000 rw-p 000a2000 08:08 303749                     /home/huyennguyen/Downloads/jdk1.8.0_25/jre/lib/amd64/libawt.so
7f485ea7d000-7f485eaa1000 rw-p 00000000 00:00 0 
7f485eaa1000-7f485eaa2000 ---p 00000000 00:00 0 
7f485eaa2000-7f485eba2000 rw-p 00000000 00:00 0                          [stack:13536]
7f485eba2000-7f485eba5000 ---p 00000000 00:00 0 
7f485eba5000-7f485eca3000 rw-p 00000000 00:00 0                          [stack:13535]
7f485eca3000-7f485eca6000 ---p 00000000 00:00 0 
7f485eca6000-7f485eda4000 rw-p 00000000 00:00 0                          [stack:13534]
7f485eda4000-7f485eda7000 ---p 00000000 00:00 0 
7f485eda7000-7f485eea5000 rw-p 00000000 00:00 0                          [stack:13533]
7f485eea5000-7f485eea8000 ---p 00000000 00:00 0 
7f485eea8000-7f485efa6000 rw-p 00000000 00:00 0                          [stack:13532]
7f485efa6000-7f485efa9000 ---p 00000000 00:00 0 
7f485efa9000-7f485f0a7000 rw-p 00000000 00:00 0                          [stack:13531]
7f485f0a7000-7f485f8f9000 r--p 00000000 08:08 1578002                    /usr/lib/locale/locale-archive
7f485f8f9000-7f485f8fc000 ---p 00000000 00:00 0 
7f485f8fc000-7f485f9fa000 rw-p 00000000 00:00 0                          [stack:13530]
7f485f9fa000-7f485f9fd000 ---p 00000000 00:00 0 
7f485f9fd000-7f485fafb000 rw-p 00000000 00:00 0                          [stack:13529]
7f485fafb000-7f485fafc000 ---p 00000000 00:00 0 
7f485fafc000-7f4860000000 rw-p 00000000 00:00 0                          [stack:13528]
7f4860000000-7f4860021000 rw-p 00000000 00:00 0 
7f4860021000-7f4864000000 ---p 00000000 00:00 0 
7f4864000000-7f486400a000 r--s 00000000 08:08 134440                     /usr/share/fonts/type1/mathml/Symbol.pfb
7f486400a000-7f4864021000 r--s 00000000 08:08 134404                     /usr/share/fonts/type1/gsfonts/n021023l.pfb
7f4864021000-7f4864032000 r--s 00000000 08:08 134383                     /usr/share/fonts/type1/gsfonts/n019024l.pfb
7f4864032000-7f486404b000 r--s 00000000 08:08 134413                     /usr/share/fonts/type1/gsfonts/n022004l.pfb
7f486404b000-7f486404c000 r--s 00000000 08:08 661541                     /var/cache/fontconfig/c05880de57d1f5e948fdfacc138775d9-le64.cache-4
7f486404c000-7f4864057000 r--s 00000000 08:08 661535                     /var/cache/fontconfig/945677eb7aeaf62f1d50efc3fb3ec7d8-le64.cache-4
7f4864057000-7f486405d000 r--s 00000000 08:08 661521                     /var/cache/fontconfig/2cd17615ca594fa2959ae173292e504c-le64.cache-4
7f486405d000-7f4864064000 r--s 00000000 08:08 661538                     /var/cache/fontconfig/a755afe4a08bf5b97852ceb7400b47bc-le64.cache-4
7f4864064000-7f4864078000 r--s 00000000 08:08 661516                     /var/cache/fontconfig/04aabc0a78ac019cf9454389977116d2-le64.cache-4
7f4864078000-7f486407c000 r--s 00000000 08:08 661524                     /var/cache/fontconfig/385c0604a188198f04d133e54aba7fe7-le64.cache-4
7f486407c000-7f4864081000 r--s 00000000 08:08 661534                     /var/cache/fontconfig/8801497958630a81b71ace7c5f9b32a8-le64.cache-4
7f4864081000-7f4864088000 r--s 00000000 08:08 661522                     /var/cache/fontconfig/3047814df9a2f067bd2d96a2b9c36e5a-le64.cache-4
7f4864088000-7f486409b000 r--s 00000000 08:08 661545                     /var/cache/fontconfig/d52a8644073d54c13679302ca1180695-le64.cache-4
7f486409b000-7f48640a4000 r--s 00000000 08:08 658290                     /var/cache/fontconfig/3f7329c5293ffd510edef78f73874cfd-le64.cache-4
7f48640a4000-7f48640af000 r--s 00000000 08:08 661769                     /var/cache/fontconfig/d589a48862398ed80a3d6066f4f56f4c-le64.cache-4
7f48640af000-7f48640bc000 r--s 00000000 08:08 661863                     /var/cache/fontconfig/089dead882dea3570ffc31a9898cfb69-le64.cache-4
7f48640bc000-7f4864c5b000 rw-p 00000000 00:00 0 
7f4864c5b000-7f4864e31000 r--s 03caa000 08:08 303763                     /home/huyennguyen/Downloads/jdk1.8.0_25/jre/lib/rt.jar
7f4864e31000-7f48675cc000 rw-p 00000000 00:00 0 
7f48675cc000-7f48675cd000 ---p 00000000 00:00 0 
7f48675cd000-7f48676cd000 rw-p 00000000 00:00 0                          [stack:13527]
7f48676cd000-7f48676ce000 ---p 00000000 00:00 0 
7f48676ce000-7f48677ce000 rw-p 00000000 00:00 0                          [stack:13526]
7f48677ce000-7f48677cf000 ---p 00000000 00:00 0 
7f48677cf000-7f48678cf000 rw-p 00000000 00:00 0                          [stack:13525]
7f48678cf000-7f48678d0000 ---p 00000000 00:00 0 
7f48678d0000-7f48679e4000 rw-p 00000000 00:00 0                          [stack:13521]
7f48679e4000-7f4867b08000 ---p 00000000 00:00 0 
7f4867b08000-7f4867b13000 rw-p 00000000 00:00 0 
7f4867b13000-7f4867ba5000 ---p 00000000 00:00 0 
7f4867ba5000-7f4867bb0000 rw-p 00000000 00:00 0 
7f4867bb0000-7f4867f66000 ---p 00000000 00:00 0 
7f4867f66000-7f48681e6000 rwxp 00000000 00:00 0 
7f48681e6000-7f4876f66000 ---p 00000000 00:00 0 
7f4876f66000-7f4876f80000 r-xp 00000000 08:08 303728                     /home/huyennguyen/Downloads/jdk1.8.0_25/jre/lib/amd64/libzip.so
7f4876f80000-7f4877180000 ---p 0001a000 08:08 303728                     /home/huyennguyen/Downloads/jdk1.8.0_25/jre/lib/amd64/libzip.so
7f4877180000-7f4877181000 rw-p 0001a000 08:08 303728                     /home/huyennguyen/Downloads/jdk1.8.0_25/jre/lib/amd64/libzip.so
7f4877181000-7f487718c000 r-xp 00000000 08:08 663642                     /lib/x86_64-linux-gnu/libnss_files-2.19.so
7f487718c000-7f487738b000 ---p 0000b000 08:08 663642                     /lib/x86_64-linux-gnu/libnss_files-2.19.so
7f487738b000-7f487738c000 r--p 0000a000 08:08 663642                     /lib/x86_64-linux-gnu/libnss_files-2.19.so
7f487738c000-7f487738d000 rw-p 0000b000 08:08 663642                     /lib/x86_64-linux-gnu/libnss_files-2.19.so
7f487738d000-7f4877398000 r-xp 00000000 08:08 663649                     /lib/x86_64-linux-gnu/libnss_nis-2.19.so
7f4877398000-7f4877597000 ---p 0000b000 08:08 663649                     /lib/x86_64-linux-gnu/libnss_nis-2.19.so
7f4877597000-7f4877598000 r--p 0000a000 08:08 663649                     /lib/x86_64-linux-gnu/libnss_nis-2.19.so
7f4877598000-7f4877599000 rw-p 0000b000 08:08 663649                     /lib/x86_64-linux-gnu/libnss_nis-2.19.so
7f4877599000-7f48775b0000 r-xp 00000000 08:08 663635                     /lib/x86_64-linux-gnu/libnsl-2.19.so
7f48775b0000-7f48777af000 ---p 00017000 08:08 663635                     /lib/x86_64-linux-gnu/libnsl-2.19.so
7f48777af000-7f48777b0000 r--p 00016000 08:08 663635                     /lib/x86_64-linux-gnu/libnsl-2.19.so
7f48777b0000-7f48777b1000 rw-p 00017000 08:08 663635                     /lib/x86_64-linux-gnu/libnsl-2.19.so
7f48777b1000-7f48777b3000 rw-p 00000000 00:00 0 
7f48777b3000-7f48777bc000 r-xp 00000000 08:08 663646                     /lib/x86_64-linux-gnu/libnss_compat-2.19.so
7f48777bc000-7f48779bb000 ---p 00009000 08:08 663646                     /lib/x86_64-linux-gnu/libnss_compat-2.19.so
7f48779bb000-7f48779bc000 r--p 00008000 08:08 663646                     /lib/x86_64-linux-gnu/libnss_compat-2.19.so
7f48779bc000-7f48779bd000 rw-p 00009000 08:08 663646                     /lib/x86_64-linux-gnu/libnss_compat-2.19.so
7f48779bd000-7f48779e7000 r-xp 00000000 08:08 303709                     /home/huyennguyen/Downloads/jdk1.8.0_25/jre/lib/amd64/libjava.so
7f48779e7000-7f4877be7000 ---p 0002a000 08:08 303709                     /home/huyennguyen/Downloads/jdk1.8.0_25/jre/lib/amd64/libjava.so
7f4877be7000-7f4877be9000 rw-p 0002a000 08:08 303709                     /home/huyennguyen/Downloads/jdk1.8.0_25/jre/lib/amd64/libjava.so
7f4877be9000-7f4877bf6000 r-xp 00000000 08:08 303722                     /home/huyennguyen/Downloads/jdk1.8.0_25/jre/lib/amd64/libverify.so
7f4877bf6000-7f4877df6000 ---p 0000d000 08:08 303722                     /home/huyennguyen/Downloads/jdk1.8.0_25/jre/lib/amd64/libverify.so
7f4877df6000-7f4877df8000 rw-p 0000d000 08:08 303722                     /home/huyennguyen/Downloads/jdk1.8.0_25/jre/lib/amd64/libverify.so
7f4877df8000-7f4877dff000 r-xp 00000000 08:08 663652                     /lib/x86_64-linux-gnu/librt-2.19.so
7f4877dff000-7f4877ffe000 ---p 00007000 08:08 663652                     /lib/x86_64-linux-gnu/librt-2.19.so
7f4877ffe000-7f4877fff000 r--p 00006000 08:08 663652                     /lib/x86_64-linux-gnu/librt-2.19.so
7f4877fff000-7f4878000000 rw-p 00007000 08:08 663652                     /lib/x86_64-linux-gnu/librt-2.19.so
7f4878000000-7f487828e000 rw-p 00000000 00:00 0 
7f487828e000-7f487c000000 ---p 00000000 00:00 0 
7f487c000000-7f487c001000 r--s 00000000 08:08 661551                     /var/cache/fontconfig/e7071f4a29fa870f4323321c154eba04-le64.cache-4
7f487c001000-7f487c002000 r--s 00000000 08:08 661518                     /var/cache/fontconfig/0d8c3b2ac0904cb8a57a757ad11a4a08-le64.cache-4
7f487c002000-7f487c003000 r--s 00000000 08:08 661520                     /var/cache/fontconfig/1ac9eb803944fde146138c791f5cc56a-le64.cache-4
7f487c003000-7f487c004000 r--s 00000000 08:08 661548                     /var/cache/fontconfig/dc05db6664285cc2f12bf69c139ae4c3-le64.cache-4
7f487c004000-7f487c011000 r--s 00000000 08:08 658245                     /var/cache/fontconfig/e13b20fdb08344e0e664864cc2ede53d-le64.cache-4
7f487c011000-7f487c074000 rw-p 00000000 00:00 0 
7f487c074000-7f487c199000 ---p 00000000 00:00 0 
7f487c199000-7f487c29e000 r-xp 00000000 08:08 663634                     /lib/x86_64-linux-gnu/libm-2.19.so
7f487c29e000-7f487c49d000 ---p 00105000 08:08 663634                     /lib/x86_64-linux-gnu/libm-2.19.so
7f487c49d000-7f487c49e000 r--p 00104000 08:08 663634                     /lib/x86_64-linux-gnu/libm-2.19.so
7f487c49e000-7f487c49f000 rw-p 00105000 08:08 663634                     /lib/x86_64-linux-gnu/libm-2.19.so
7f487c49f000-7f487d10c000 r-xp 00000000 08:08 405540                     /home/huyennguyen/Downloads/jdk1.8.0_25/jre/lib/amd64/server/libjvm.so
7f487d10c000-7f487d30b000 ---p 00c6d000 08:08 405540                     /home/huyennguyen/Downloads/jdk1.8.0_25/jre/lib/amd64/server/libjvm.so
7f487d30b000-7f487d3e1000 rw-p 00c6c000 08:08 405540                     /home/huyennguyen/Downloads/jdk1.8.0_25/jre/lib/amd64/server/libjvm.so
7f487d3e1000-7f487d424000 rw-p 00000000 00:00 0 
7f487d424000-7f487d5df000 r-xp 00000000 08:08 663650                     /lib/x86_64-linux-gnu/libc-2.19.so
7f487d5df000-7f487d7df000 ---p 001bb000 08:08 663650                     /lib/x86_64-linux-gnu/libc-2.19.so
7f487d7df000-7f487d7e3000 r--p 001bb000 08:08 663650                     /lib/x86_64-linux-gnu/libc-2.19.so
7f487d7e3000-7f487d7e5000 rw-p 001bf000 08:08 663650                     /lib/x86_64-linux-gnu/libc-2.19.so
7f487d7e5000-7f487d7ea000 rw-p 00000000 00:00 0 
7f487d7ea000-7f487d7ed000 r-xp 00000000 08:08 663644                     /lib/x86_64-linux-gnu/libdl-2.19.so
7f487d7ed000-7f487d9ec000 ---p 00003000 08:08 663644                     /lib/x86_64-linux-gnu/libdl-2.19.so
7f487d9ec000-7f487d9ed000 r--p 00002000 08:08 663644                     /lib/x86_64-linux-gnu/libdl-2.19.so
7f487d9ed000-7f487d9ee000 rw-p 00003000 08:08 663644                     /lib/x86_64-linux-gnu/libdl-2.19.so
7f487d9ee000-7f487da03000 r-xp 00000000 08:08 302952                     /home/huyennguyen/Downloads/jdk1.8.0_25/lib/amd64/jli/libjli.so
7f487da03000-7f487dc02000 ---p 00015000 08:08 302952                     /home/huyennguyen/Downloads/jdk1.8.0_25/lib/amd64/jli/libjli.so
7f487dc02000-7f487dc03000 rw-p 00014000 08:08 302952                     /home/huyennguyen/Downloads/jdk1.8.0_25/lib/amd64/jli/libjli.so
7f487dc03000-7f487dc1c000 r-xp 00000000 08:08 663639                     /lib/x86_64-linux-gnu/libpthread-2.19.so
7f487dc1c000-7f487de1b000 ---p 00019000 08:08 663639                     /lib/x86_64-linux-gnu/libpthread-2.19.so
7f487de1b000-7f487de1c000 r--p 00018000 08:08 663639                     /lib/x86_64-linux-gnu/libpthread-2.19.so
7f487de1c000-7f487de1d000 rw-p 00019000 08:08 663639                     /lib/x86_64-linux-gnu/libpthread-2.19.so
7f487de1d000-7f487de21000 rw-p 00000000 00:00 0 
7f487de21000-7f487de44000 r-xp 00000000 08:08 663647                     /lib/x86_64-linux-gnu/ld-2.19.so
7f487de44000-7f487de46000 r--s 00000000 08:08 661532                     /var/cache/fontconfig/767a8244fc0220cfb567a839d0392e0b-le64.cache-4
7f487de46000-7f487de4c000 r--s 00000000 08:08 661539                     /var/cache/fontconfig/b47c4e1ecd0709278f4910c18777a504-le64.cache-4
7f487de4c000-7f487df24000 rw-p 00000000 00:00 0 
7f487df24000-7f487df27000 ---p 00000000 00:00 0 
7f487df27000-7f487e029000 rw-p 00000000 00:00 0                          [stack:13519]
7f487e029000-7f487e02a000 r--s 00000000 08:08 658172                     /var/cache/fontconfig/4794a0821666d79190d59a36cb4f44b5-le64.cache-4
7f487e02a000-7f487e02b000 r--s 00000000 08:08 661528                     /var/cache/fontconfig/56cf4f4769d0f4abc89a4895d7bd3ae1-le64.cache-4
7f487e02b000-7f487e02c000 r--s 00000000 08:08 661540                     /var/cache/fontconfig/b9d506c9ac06c20b433354fa67a72993-le64.cache-4
7f487e02c000-7f487e02d000 r--s 00000000 08:08 661517                     /var/cache/fontconfig/0c9eb80ebd1c36541ebe2852d3bb0c49-le64.cache-4
7f487e02d000-7f487e031000 r--s 00000000 08:08 661865                     /var/cache/fontconfig/7ef2298fde41cc6eeb7af42e48b7d293-le64.cache-4
7f487e031000-7f487e037000 r--s 0006f000 08:05 816                        /media/huyennguyen/data/Backup Data/workspace/Assignment3/acm.jar
7f487e037000-7f487e03f000 rw-s 00000000 08:08 1717041                    /tmp/hsperfdata_huyennguyen/13517
7f487e03f000-7f487e040000 rw-p 00000000 00:00 0 
7f487e040000-7f487e041000 r--p 00000000 00:00 0 
7f487e041000-7f487e043000 rw-p 00000000 00:00 0 
7f487e043000-7f487e044000 r--p 00022000 08:08 663647                     /lib/x86_64-linux-gnu/ld-2.19.so
7f487e044000-7f487e045000 rw-p 00023000 08:08 663647                     /lib/x86_64-linux-gnu/ld-2.19.so
7f487e045000-7f487e046000 rw-p 00000000 00:00 0 
7fffa152e000-7fffa154f000 rw-p 00000000 00:00 0                          [stack]
7fffa1555000-7fffa1557000 r-xp 00000000 00:00 0                          [vdso]
ffffffffff600000-ffffffffff601000 r-xp 00000000 00:00 0                  [vsyscall]

VM Arguments:
jvm_args: -Djava.security.policy=java.policy.applet -Dfile.encoding=UTF-8 
java_command: sun.applet.AppletViewer Breakout1421034309533.html
java_class_path (initial): /media/huyennguyen/data/Backup Data/workspace/Assignment3:/media/huyennguyen/data/Backup Data/workspace/Assignment3/acm.jar
Launcher Type: SUN_STANDARD

Environment Variables:
JAVA_HOME=/usr/lib/jvm/java-8-oracle
PATH=/usr/local/sbin:/usr/local/bin:/usr/sbin:/usr/bin:/sbin:/bin:/usr/games:/usr/local/games:/usr/lib/jvm/java-8-oracle/bin:/usr/lib/jvm/java-8-oracle/db/bin:/usr/lib/jvm/java-8-oracle/jre/bin
SHELL=/bin/bash
DISPLAY=:0

Signal Handlers:
SIGSEGV: [libjvm.so+0xa79a80], sa_mask[0]=11111111011111111101111111111110, sa_flags=SA_RESTART|SA_SIGINFO
SIGBUS: [libjvm.so+0xa79a80], sa_mask[0]=11111111011111111101111111111110, sa_flags=SA_RESTART|SA_SIGINFO
SIGFPE: [libjvm.so+0x8e24e0], sa_mask[0]=11111111011111111101111111111110, sa_flags=SA_RESTART|SA_SIGINFO
SIGPIPE: [libjvm.so+0x8e24e0], sa_mask[0]=11111111011111111101111111111110, sa_flags=SA_RESTART|SA_SIGINFO
SIGXFSZ: [libjvm.so+0x8e24e0], sa_mask[0]=11111111011111111101111111111110, sa_flags=SA_RESTART|SA_SIGINFO
SIGILL: [libjvm.so+0x8e24e0], sa_mask[0]=11111111011111111101111111111110, sa_flags=SA_RESTART|SA_SIGINFO
SIGUSR1: SIG_DFL, sa_mask[0]=00000000000000000000000000000000, sa_flags=none
SIGUSR2: [libjvm.so+0x8e3d10], sa_mask[0]=00100000000000000000000000000000, sa_flags=SA_RESTART|SA_SIGINFO
SIGHUP: [libjvm.so+0x8e50d0], sa_mask[0]=11111111011111111101111111111110, sa_flags=SA_RESTART|SA_SIGINFO
SIGINT: [libjvm.so+0x8e50d0], sa_mask[0]=11111111011111111101111111111110, sa_flags=SA_RESTART|SA_SIGINFO
SIGTERM: [libjvm.so+0x8e50d0], sa_mask[0]=11111111011111111101111111111110, sa_flags=SA_RESTART|SA_SIGINFO
SIGQUIT: [libjvm.so+0x8e50d0], sa_mask[0]=11111111011111111101111111111110, sa_flags=SA_RESTART|SA_SIGINFO


---------------  S Y S T E M  ---------------

OS:DISTRIB_ID=Ubuntu
DISTRIB_RELEASE=14.04
DISTRIB_CODENAME=trusty
DISTRIB_DESCRIPTION="Ubuntu 14.04.1 LTS"

uname:Linux 3.13.0-43-generic #72-Ubuntu SMP Mon Dec 8 19:35:06 UTC 2014 x86_64
libc:glibc 2.19 NPTL 2.19 
rlimit: STACK 8192k, CORE 0k, NPROC 29841, NOFILE 4096, AS infinity
load average:10.46 3.29 1.63

/proc/meminfo:
MemTotal:        3841284 kB
MemFree:         2487056 kB
Buffers:           17340 kB
Cached:           322552 kB
SwapCached:        17640 kB
Active:           611228 kB
Inactive:         594832 kB
Active(anon):     523404 kB
Inactive(anon):   404400 kB
Active(file):      87824 kB
Inactive(file):   190432 kB
Unevictable:          16 kB
Mlocked:              16 kB
SwapTotal:       3983356 kB
SwapFree:        3885904 kB
Dirty:               864 kB
Writeback:             0 kB
AnonPages:        855268 kB
Mapped:            51296 kB
Shmem:             61244 kB
Slab:              89948 kB
SReclaimable:      59272 kB
SUnreclaim:        30676 kB
KernelStack:        3232 kB
PageTables:        11068 kB
NFS_Unstable:          0 kB
Bounce:                0 kB
WritebackTmp:          0 kB
CommitLimit:     5903996 kB
Committed_AS:    2036132 kB
VmallocTotal:   34359738367 kB
VmallocUsed:      549384 kB
VmallocChunk:   34359164268 kB
HardwareCorrupted:     0 kB
AnonHugePages:    501760 kB
HugePages_Total:       0
HugePages_Free:        0
HugePages_Rsvd:        0
HugePages_Surp:        0
Hugepagesize:       2048 kB
DirectMap4k:       71740 kB
DirectMap2M:     3913728 kB


CPU:total 4 (2 cores per cpu, 2 threads per core) family 6 model 37 stepping 5, cmov, cx8, fxsr, mmx, sse, sse2, sse3, ssse3, sse4.1, sse4.2, popcnt, ht, tsc, tscinvbit

/proc/cpuinfo:
processor	: 0
vendor_id	: GenuineIntel
cpu family	: 6
model		: 37
model name	: Intel(R) Core(TM) i3 CPU       M 350  @ 2.27GHz
stepping	: 5
microcode	: 0x2
cpu MHz		: 2266.000
cache size	: 3072 KB
physical id	: 0
siblings	: 4
core id		: 0
cpu cores	: 2
apicid		: 0
initial apicid	: 0
fpu		: yes
fpu_exception	: yes
cpuid level	: 11
wp		: yes
flags		: fpu vme de pse tsc msr pae mce cx8 apic sep mtrr pge mca cmov pat pse36 clflush dts acpi mmx fxsr sse sse2 ss ht tm pbe syscall nx rdtscp lm constant_tsc arch_perfmon pebs bts rep_good nopl xtopology nonstop_tsc aperfmperf pni dtes64 monitor ds_cpl vmx est tm2 ssse3 cx16 xtpr pdcm pcid sse4_1 sse4_2 popcnt lahf_lm arat dtherm tpr_shadow vnmi flexpriority ept vpid
bogomips	: 4522.11
clflush size	: 64
cache_alignment	: 64
address sizes	: 36 bits physical, 48 bits virtual
power management:

processor	: 1
vendor_id	: GenuineIntel
cpu family	: 6
model		: 37
model name	: Intel(R) Core(TM) i3 CPU       M 350  @ 2.27GHz
stepping	: 5
microcode	: 0x2
cpu MHz		: 2133.000
cache size	: 3072 KB
physical id	: 0
siblings	: 4
core id		: 0
cpu cores	: 2
apicid		: 1
initial apicid	: 1
fpu		: yes
fpu_exception	: yes
cpuid level	: 11
wp		: yes
flags		: fpu vme de pse tsc msr pae mce cx8 apic sep mtrr pge mca cmov pat pse36 clflush dts acpi mmx fxsr sse sse2 ss ht tm pbe syscall nx rdtscp lm constant_tsc arch_perfmon pebs bts rep_good nopl xtopology nonstop_tsc aperfmperf pni dtes64 monitor ds_cpl vmx est tm2 ssse3 cx16 xtpr pdcm pcid sse4_1 sse4_2 popcnt lahf_lm arat dtherm tpr_shadow vnmi flexpriority ept vpid
bogomips	: 4522.11
clflush size	: 64
cache_alignment	: 64
address sizes	: 36 bits physical, 48 bits virtual
power management:

processor	: 2
vendor_id	: GenuineIntel
cpu family	: 6
model		: 37
model name	: Intel(R) Core(TM) i3 CPU       M 350  @ 2.27GHz
stepping	: 5
microcode	: 0x2
cpu MHz		: 2266.000
cache size	: 3072 KB
physical id	: 0
siblings	: 4
core id		: 2
cpu cores	: 2
apicid		: 4
initial apicid	: 4
fpu		: yes
fpu_exception	: yes
cpuid level	: 11
wp		: yes
flags		: fpu vme de pse tsc msr pae mce cx8 apic sep mtrr pge mca cmov pat pse36 clflush dts acpi mmx fxsr sse sse2 ss ht tm pbe syscall nx rdtscp lm constant_tsc arch_perfmon pebs bts rep_good nopl xtopology nonstop_tsc aperfmperf pni dtes64 monitor ds_cpl vmx est tm2 ssse3 cx16 xtpr pdcm pcid sse4_1 sse4_2 popcnt lahf_lm arat dtherm tpr_shadow vnmi flexpriority ept vpid
bogomips	: 4522.11
clflush size	: 64
cache_alignment	: 64
address sizes	: 36 bits physical, 48 bits virtual
power management:

processor	: 3
vendor_id	: GenuineIntel
cpu family	: 6
model		: 37
model name	: Intel(R) Core(TM) i3 CPU       M 350  @ 2.27GHz
stepping	: 5
microcode	: 0x2
cpu MHz		: 2266.000
cache size	: 3072 KB
physical id	: 0
siblings	: 4
core id		: 2
cpu cores	: 2
apicid		: 5
initial apicid	: 5
fpu		: yes
fpu_exception	: yes
cpuid level	: 11
wp		: yes
flags		: fpu vme de pse tsc msr pae mce cx8 apic sep mtrr pge mca cmov pat pse36 clflush dts acpi mmx fxsr sse sse2 ss ht tm pbe syscall nx rdtscp lm constant_tsc arch_perfmon pebs bts rep_good nopl xtopology nonstop_tsc aperfmperf pni dtes64 monitor ds_cpl vmx est tm2 ssse3 cx16 xtpr pdcm pcid sse4_1 sse4_2 popcnt lahf_lm arat dtherm tpr_shadow vnmi flexpriority ept vpid
bogomips	: 4522.11
clflush size	: 64
cache_alignment	: 64
address sizes	: 36 bits physical, 48 bits virtual
power management:



Memory: 4k page, physical 3841284k(2487056k free), swap 3983356k(3885904k free)

vm_info: Java HotSpot(TM) 64-Bit Server VM (25.25-b02) for linux-amd64 JRE (1.8.0_25-b17), built on Sep 17 2014 17:32:11 by "java_re" with gcc 4.3.0 20080428 (Red Hat 4.3.0-8)

time: Mon Jan 12 10:05:00 2015
elapsed time: 3329 seconds (0d 0h 55m 29s)

